<?xml version="1.0" encoding="UTF-8"?>
<testsuite name="com.cstrien.thi_trac_nghiem.ExampleUnitTest" tests="1" skipped="0" failures="0" errors="0" timestamp="2025-01-12T07:37:32" hostname="DESKTOP-JMJDD80" time="0.002">
  <properties/>
  <testcase name="addition_isCorrect" classname="com.cstrien.thi_trac_nghiem.ExampleUnitTest" time="0.002"/>
  <system-out><![CDATA[]]></system-out>
  <system-err><![CDATA[]]></system-err>
</testsuite>
